[   63310ms] [INFO] %cDownload the React DevTools for a better development experience: https://reactjs.org/link/react-devtools font-weight:bold @ http://localhost:5173/node_modules/.vite/deps/react-dom_client.js?v=08838cd8:21548
[   63370ms] ReferenceError: React is not defined
    at App (http://localhost:5173/src/App.jsx:255:3)
    at renderWithHooks (http://localhost:5173/node_modules/.vite/deps/react-dom_client.js?v=08838cd8:11546:26)
    at mountIndeterminateComponent (http://localhost:5173/node_modules/.vite/deps/react-dom_client.js?v=08838cd8:14924:21)
    at beginWork (http://localhost:5173/node_modules/.vite/deps/react-dom_client.js?v=08838cd8:15912:22)
    at HTMLUnknownElement.callCallback2 (http://localhost:5173/node_modules/.vite/deps/react-dom_client.js?v=08838cd8:3672:22)
    at Object.invokeGuardedCallbackDev (http://localhost:5173/node_modules/.vite/deps/react-dom_client.js?v=08838cd8:3697:24)
    at invokeGuardedCallback (http://localhost:5173/node_modules/.vite/deps/react-dom_client.js?v=08838cd8:3731:39)
    at beginWork$1 (http://localhost:5173/node_modules/.vite/deps/react-dom_client.js?v=08838cd8:19763:15)
    at performUnitOfWork (http://localhost:5173/node_modules/.vite/deps/react-dom_client.js?v=08838cd8:19199:20)
    at workLoopSync (http://localhost:5173/node_modules/.vite/deps/react-dom_client.js?v=08838cd8:19135:13)
[   63380ms] ReferenceError: React is not defined
    at App (http://localhost:5173/src/App.jsx:255:3)
    at renderWithHooks (http://localhost:5173/node_modules/.vite/deps/react-dom_client.js?v=08838cd8:11546:26)
    at mountIndeterminateComponent (http://localhost:5173/node_modules/.vite/deps/react-dom_client.js?v=08838cd8:14924:21)
    at beginWork (http://localhost:5173/node_modules/.vite/deps/react-dom_client.js?v=08838cd8:15912:22)
    at HTMLUnknownElement.callCallback2 (http://localhost:5173/node_modules/.vite/deps/react-dom_client.js?v=08838cd8:3672:22)
    at Object.invokeGuardedCallbackDev (http://localhost:5173/node_modules/.vite/deps/react-dom_client.js?v=08838cd8:3697:24)
    at invokeGuardedCallback (http://localhost:5173/node_modules/.vite/deps/react-dom_client.js?v=08838cd8:3731:39)
    at beginWork$1 (http://localhost:5173/node_modules/.vite/deps/react-dom_client.js?v=08838cd8:19763:15)
    at performUnitOfWork (http://localhost:5173/node_modules/.vite/deps/react-dom_client.js?v=08838cd8:19199:20)
    at workLoopSync (http://localhost:5173/node_modules/.vite/deps/react-dom_client.js?v=08838cd8:19135:13)
[   63393ms] [ERROR] The above error occurred in the <App> component:

    at App (http://localhost:5173/src/App.jsx:124:29)

Consider adding an error boundary to your tree to customize error handling behavior.
Visit https://reactjs.org/link/error-boundaries to learn more about error boundaries. @ http://localhost:5173/node_modules/.vite/deps/react-dom_client.js?v=08838cd8:14029
[   63399ms] ReferenceError: React is not defined
    at App (http://localhost:5173/src/App.jsx:255:3)
    at renderWithHooks (http://localhost:5173/node_modules/.vite/deps/react-dom_client.js?v=08838cd8:11546:26)
    at mountIndeterminateComponent (http://localhost:5173/node_modules/.vite/deps/react-dom_client.js?v=08838cd8:14924:21)
    at beginWork (http://localhost:5173/node_modules/.vite/deps/react-dom_client.js?v=08838cd8:15912:22)
    at beginWork$1 (http://localhost:5173/node_modules/.vite/deps/react-dom_client.js?v=08838cd8:19751:22)
    at performUnitOfWork (http://localhost:5173/node_modules/.vite/deps/react-dom_client.js?v=08838cd8:19199:20)
    at workLoopSync (http://localhost:5173/node_modules/.vite/deps/react-dom_client.js?v=08838cd8:19135:13)
    at renderRootSync (http://localhost:5173/node_modules/.vite/deps/react-dom_client.js?v=08838cd8:19114:15)
    at recoverFromConcurrentError (http://localhost:5173/node_modules/.vite/deps/react-dom_client.js?v=08838cd8:18734:28)
    at performConcurrentWorkOnRoot (http://localhost:5173/node_modules/.vite/deps/react-dom_client.js?v=08838cd8:18682:30)
[   63414ms] [ERROR] Failed to load resource: the server responded with a status of 404 (Not Found) @ http://localhost:5173/favicon.ico:0
[  117501ms] [INFO] %cDownload the React DevTools for a better development experience: https://reactjs.org/link/react-devtools font-weight:bold @ http://localhost:5173/node_modules/.vite/deps/react-dom_client.js?v=08838cd8:21548
[  314568ms] [INFO] %cDownload the React DevTools for a better development experience: https://reactjs.org/link/react-devtools font-weight:bold @ http://localhost:5173/node_modules/.vite/deps/react-dom_client.js?v=08838cd8:21548
[  359420ms] [INFO] %cDownload the React DevTools for a better development experience: https://reactjs.org/link/react-devtools font-weight:bold @ http://localhost:5173/node_modules/.vite/deps/react-dom_client.js?v=08838cd8:21548
